1550912619050	mozrunner::runner	INFO	Running command: "/usr/bin/firefox" "-marionette" "-foreground" "-no-remote" "-profile" "/tmp/rust_mozprofile.KRy8Jy94RZ3N"
1550912619512	addons.webextension.screenshots@mozilla.org	WARN	Loading extension 'screenshots@mozilla.org': Reading manifest: Invalid host permission: resource://pdf.js/
1550912619513	addons.webextension.screenshots@mozilla.org	WARN	Loading extension 'screenshots@mozilla.org': Reading manifest: Invalid host permission: about:reader*

(firefox:8535): Gtk-WARNING **: 10:03:39.827: Theme parsing error: <data>:1:34: Expected ')' in color definition

(firefox:8535): Gtk-WARNING **: 10:03:39.827: Theme parsing error: <data>:1:77: Expected ')' in color definition
1550912621271	Marionette	INFO	Listening on port 46621
1550912621387	Marionette	WARN	TLS certificate errors will be ignored for this session
1550912628946	Marionette	INFO	Stopped listening on port 46621
[Parent 8535, Gecko_IOThread] WARNING: pipe error (78): Connection reset by peer: file /build/firefox-HN7tk_/firefox-65.0+build2/ipc/chromium/src/chrome/common/ipc_channel_posix.cc, line 349
1550917672178	mozrunner::runner	INFO	Running command: "/usr/bin/firefox" "-marionette" "-foreground" "-no-remote" "-profile" "/tmp/rust_mozprofile.6crArOXKTAMf"
1550917672640	addons.webextension.screenshots@mozilla.org	WARN	Loading extension 'screenshots@mozilla.org': Reading manifest: Invalid host permission: resource://pdf.js/
1550917672640	addons.webextension.screenshots@mozilla.org	WARN	Loading extension 'screenshots@mozilla.org': Reading manifest: Invalid host permission: about:reader*

(firefox:9691): Gtk-WARNING **: 11:27:52.955: Theme parsing error: <data>:1:34: Expected ')' in color definition

(firefox:9691): Gtk-WARNING **: 11:27:52.955: Theme parsing error: <data>:1:77: Expected ')' in color definition
1550917674307	Marionette	INFO	Listening on port 40057
1550917674407	Marionette	WARN	TLS certificate errors will be ignored for this session
1550917682990	Marionette	INFO	Stopped listening on port 40057
[Parent 9691, Gecko_IOThread] WARNING: pipe error (78): Connection reset by peer: file /build/firefox-HN7tk_/firefox-65.0+build2/ipc/chromium/src/chrome/common/ipc_channel_posix.cc, line 349
1550917787670	mozrunner::runner	INFO	Running command: "/usr/bin/firefox" "-marionette" "-foreground" "-no-remote" "-profile" "/tmp/rust_mozprofile.KMb2OJ3WZJnj"
1550917788132	addons.webextension.screenshots@mozilla.org	WARN	Loading extension 'screenshots@mozilla.org': Reading manifest: Invalid host permission: resource://pdf.js/
1550917788133	addons.webextension.screenshots@mozilla.org	WARN	Loading extension 'screenshots@mozilla.org': Reading manifest: Invalid host permission: about:reader*

(firefox:10018): Gtk-WARNING **: 11:29:48.454: Theme parsing error: <data>:1:34: Expected ')' in color definition

(firefox:10018): Gtk-WARNING **: 11:29:48.454: Theme parsing error: <data>:1:77: Expected ')' in color definition
1550917789755	Marionette	INFO	Listening on port 38073
1550917789789	Marionette	WARN	TLS certificate errors will be ignored for this session
1550917789884	mozrunner::runner	INFO	Running command: "/usr/bin/firefox" "-marionette" "-foreground" "-no-remote" "-profile" "/tmp/rust_mozprofile.x9OQ7mMeUyVn"
1550917790414	addons.webextension.screenshots@mozilla.org	WARN	Loading extension 'screenshots@mozilla.org': Reading manifest: Invalid host permission: resource://pdf.js/
1550917790415	addons.webextension.screenshots@mozilla.org	WARN	Loading extension 'screenshots@mozilla.org': Reading manifest: Invalid host permission: about:reader*

(firefox:10212): Gtk-WARNING **: 11:29:50.723: Theme parsing error: <data>:1:34: Expected ')' in color definition

(firefox:10212): Gtk-WARNING **: 11:29:50.723: Theme parsing error: <data>:1:77: Expected ')' in color definition
1550917792357	Marionette	INFO	Listening on port 34813
1550917792410	Marionette	WARN	TLS certificate errors will be ignored for this session
[Parent 10212, Gecko_IOThread] WARNING: pipe error (78): Connection reset by peer: file /build/firefox-HN7tk_/firefox-65.0+build2/ipc/chromium/src/chrome/common/ipc_channel_posix.cc, line 349
[Parent 10212, Gecko_IOThread] WARNING: pipe error (97): Connection reset by peer: file /build/firefox-HN7tk_/firefox-65.0+build2/ipc/chromium/src/chrome/common/ipc_channel_posix.cc, line 349
1550917809878	Marionette	INFO	Stopped listening on port 34813
[Parent 10018, Gecko_IOThread] WARNING: pipe error (97): Connection reset by peer: file /build/firefox-HN7tk_/firefox-65.0+build2/ipc/chromium/src/chrome/common/ipc_channel_posix.cc, line 349
[Parent 10018, Gecko_IOThread] WARNING: pipe error (78): Connection reset by peer: file /build/firefox-HN7tk_/firefox-65.0+build2/ipc/chromium/src/chrome/common/ipc_channel_posix.cc, line 349
1550917812150	Marionette	INFO	Stopped listening on port 38073
1550917887462	mozrunner::runner	INFO	Running command: "/usr/bin/firefox" "-marionette" "-foreground" "-no-remote" "-profile" "/tmp/rust_mozprofile.IQ8fX21Y6v0O"
1550917887924	addons.webextension.screenshots@mozilla.org	WARN	Loading extension 'screenshots@mozilla.org': Reading manifest: Invalid host permission: resource://pdf.js/
1550917887925	addons.webextension.screenshots@mozilla.org	WARN	Loading extension 'screenshots@mozilla.org': Reading manifest: Invalid host permission: about:reader*

(firefox:10498): Gtk-WARNING **: 11:31:28.225: Theme parsing error: <data>:1:34: Expected ')' in color definition

(firefox:10498): Gtk-WARNING **: 11:31:28.226: Theme parsing error: <data>:1:77: Expected ')' in color definition
1550917889611	Marionette	INFO	Listening on port 42981
1550917889678	Marionette	WARN	TLS certificate errors will be ignored for this session
1550917889830	mozrunner::runner	INFO	Running command: "/usr/bin/firefox" "-marionette" "-foreground" "-no-remote" "-profile" "/tmp/rust_mozprofile.fPihPxqxa65x"
1550917890392	addons.webextension.screenshots@mozilla.org	WARN	Loading extension 'screenshots@mozilla.org': Reading manifest: Invalid host permission: resource://pdf.js/
1550917890392	addons.webextension.screenshots@mozilla.org	WARN	Loading extension 'screenshots@mozilla.org': Reading manifest: Invalid host permission: about:reader*

(firefox:10713): Gtk-WARNING **: 11:31:30.727: Theme parsing error: <data>:1:34: Expected ')' in color definition

(firefox:10713): Gtk-WARNING **: 11:31:30.727: Theme parsing error: <data>:1:77: Expected ')' in color definition
1550917892192	Marionette	INFO	Listening on port 38629
1550917892304	Marionette	WARN	TLS certificate errors will be ignored for this session
[Parent 10713, Gecko_IOThread] WARNING: pipe error (79): Connection reset by peer: file /build/firefox-HN7tk_/firefox-65.0+build2/ipc/chromium/src/chrome/common/ipc_channel_posix.cc, line 349
[Parent 10713, Gecko_IOThread] WARNING: pipe error (78): Connection reset by peer: file /build/firefox-HN7tk_/firefox-65.0+build2/ipc/chromium/src/chrome/common/ipc_channel_posix.cc, line 349
1550917895789	Marionette	INFO	Stopped listening on port 38629
[Parent 10498, Gecko_IOThread] WARNING: pipe error (78): Connection reset by peer: file /build/firefox-HN7tk_/firefox-65.0+build2/ipc/chromium/src/chrome/common/ipc_channel_posix.cc, line 349
1550917897073	Marionette	INFO	Stopped listening on port 42981
1550918937800	mozrunner::runner	INFO	Running command: "/usr/bin/firefox" "-marionette" "-foreground" "-no-remote" "-profile" "/tmp/rust_mozprofile.5xJWXNYoYvh8"
1550918938268	addons.webextension.screenshots@mozilla.org	WARN	Loading extension 'screenshots@mozilla.org': Reading manifest: Invalid host permission: resource://pdf.js/
1550918938269	addons.webextension.screenshots@mozilla.org	WARN	Loading extension 'screenshots@mozilla.org': Reading manifest: Invalid host permission: about:reader*

(firefox:13662): Gtk-WARNING **: 11:48:58.579: Theme parsing error: <data>:1:34: Expected ')' in color definition

(firefox:13662): Gtk-WARNING **: 11:48:58.579: Theme parsing error: <data>:1:77: Expected ')' in color definition
1550918939876	Marionette	INFO	Listening on port 38885
1550918939923	Marionette	WARN	TLS certificate errors will be ignored for this session
1550918941004	mozrunner::runner	INFO	Running command: "/usr/bin/firefox" "-marionette" "-foreground" "-no-remote" "-profile" "/tmp/rust_mozprofile.dziO07Uajloc"
1550918941491	addons.webextension.screenshots@mozilla.org	WARN	Loading extension 'screenshots@mozilla.org': Reading manifest: Invalid host permission: resource://pdf.js/
1550918941492	addons.webextension.screenshots@mozilla.org	WARN	Loading extension 'screenshots@mozilla.org': Reading manifest: Invalid host permission: about:reader*

(firefox:13920): Gtk-WARNING **: 11:49:01.828: Theme parsing error: <data>:1:34: Expected ')' in color definition

(firefox:13920): Gtk-WARNING **: 11:49:01.828: Theme parsing error: <data>:1:77: Expected ')' in color definition
1550918943137	Marionette	INFO	Listening on port 39831
1550918943223	Marionette	WARN	TLS certificate errors will be ignored for this session
[Parent 13920, Gecko_IOThread] WARNING: pipe error (79): Połączenie zerwane przez drugą stronę: file /build/firefox-HN7tk_/firefox-65.0+build2/ipc/chromium/src/chrome/common/ipc_channel_posix.cc, line 349
[Parent 13920, Gecko_IOThread] WARNING: pipe error (93): Połączenie zerwane przez drugą stronę: file /build/firefox-HN7tk_/firefox-65.0+build2/ipc/chromium/src/chrome/common/ipc_channel_posix.cc, line 349
1550918958585	Marionette	INFO	Stopped listening on port 39831
[Parent 13662, Gecko_IOThread] WARNING: pipe error (93): Połączenie zerwane przez drugą stronę: file /build/firefox-HN7tk_/firefox-65.0+build2/ipc/chromium/src/chrome/common/ipc_channel_posix.cc, line 349
[Parent 13662, Gecko_IOThread] WARNING: pipe error (79): Połączenie zerwane przez drugą stronę: file /build/firefox-HN7tk_/firefox-65.0+build2/ipc/chromium/src/chrome/common/ipc_channel_posix.cc, line 349
1550918960398	Marionette	INFO	Stopped listening on port 38885
1550919070653	mozrunner::runner	INFO	Running command: "/usr/bin/firefox" "-marionette" "-foreground" "-no-remote" "-profile" "/tmp/rust_mozprofile.j6276fuqA6yP"
1550919071117	addons.webextension.screenshots@mozilla.org	WARN	Loading extension 'screenshots@mozilla.org': Reading manifest: Invalid host permission: resource://pdf.js/
1550919071117	addons.webextension.screenshots@mozilla.org	WARN	Loading extension 'screenshots@mozilla.org': Reading manifest: Invalid host permission: about:reader*

(firefox:14263): Gtk-WARNING **: 11:51:11.427: Theme parsing error: <data>:1:34: Expected ')' in color definition

(firefox:14263): Gtk-WARNING **: 11:51:11.427: Theme parsing error: <data>:1:77: Expected ')' in color definition
1550919072781	Marionette	INFO	Listening on port 33293
1550919072875	Marionette	WARN	TLS certificate errors will be ignored for this session
1550919073235	Marionette	INFO	Stopped listening on port 33293
[Parent 14263, Gecko_IOThread] WARNING: pipe error (79): Połączenie zerwane przez drugą stronę: file /build/firefox-HN7tk_/firefox-65.0+build2/ipc/chromium/src/chrome/common/ipc_channel_posix.cc, line 349
1550919073773	mozrunner::runner	INFO	Running command: "/usr/bin/firefox" "-marionette" "-foreground" "-no-remote" "-profile" "/tmp/rust_mozprofile.1BNwD14wqdDT"
1550919074250	addons.webextension.screenshots@mozilla.org	WARN	Loading extension 'screenshots@mozilla.org': Reading manifest: Invalid host permission: resource://pdf.js/
1550919074251	addons.webextension.screenshots@mozilla.org	WARN	Loading extension 'screenshots@mozilla.org': Reading manifest: Invalid host permission: about:reader*

(firefox:14493): Gtk-WARNING **: 11:51:14.588: Theme parsing error: <data>:1:34: Expected ')' in color definition

(firefox:14493): Gtk-WARNING **: 11:51:14.589: Theme parsing error: <data>:1:77: Expected ')' in color definition
1550919075806	Marionette	INFO	Listening on port 43265
1550919075907	Marionette	WARN	TLS certificate errors will be ignored for this session

###!!! [Child][RunMessage] Error: Channel closing: too late to send/recv, messages will be lost

[Parent 14493, Gecko_IOThread] WARNING: pipe error (79): Połączenie zerwane przez drugą stronę: file /build/firefox-HN7tk_/firefox-65.0+build2/ipc/chromium/src/chrome/common/ipc_channel_posix.cc, line 349
[Parent 14493, Gecko_IOThread] WARNING: pipe error (107): Połączenie zerwane przez drugą stronę: file /build/firefox-HN7tk_/firefox-65.0+build2/ipc/chromium/src/chrome/common/ipc_channel_posix.cc, line 349
1550919093664	Marionette	INFO	Stopped listening on port 43265
1550919220519	mozrunner::runner	INFO	Running command: "/usr/bin/firefox" "-marionette" "-foreground" "-no-remote" "-profile" "/tmp/rust_mozprofile.m7u2Nck7pIqY"
1550919220989	addons.webextension.screenshots@mozilla.org	WARN	Loading extension 'screenshots@mozilla.org': Reading manifest: Invalid host permission: resource://pdf.js/
1550919220989	addons.webextension.screenshots@mozilla.org	WARN	Loading extension 'screenshots@mozilla.org': Reading manifest: Invalid host permission: about:reader*

(firefox:14802): Gtk-WARNING **: 11:53:41.317: Theme parsing error: <data>:1:34: Expected ')' in color definition

(firefox:14802): Gtk-WARNING **: 11:53:41.317: Theme parsing error: <data>:1:77: Expected ')' in color definition
1550919222688	Marionette	INFO	Listening on port 35005
1550919222741	Marionette	WARN	TLS certificate errors will be ignored for this session
1550919231096	Marionette	INFO	Stopped listening on port 35005
[Parent 14802, Gecko_IOThread] WARNING: pipe error (79): Połączenie zerwane przez drugą stronę: file /build/firefox-HN7tk_/firefox-65.0+build2/ipc/chromium/src/chrome/common/ipc_channel_posix.cc, line 349
[Parent 14802, Gecko_IOThread] WARNING: pipe error (98): Połączenie zerwane przez drugą stronę: file /build/firefox-HN7tk_/firefox-65.0+build2/ipc/chromium/src/chrome/common/ipc_channel_posix.cc, line 349
